<?xml version="1.0" encoding="UTF-8"?>
<testng-results ignored="0" total="1" passed="1" failed="0" skipped="0">
  <reporter-output>
  </reporter-output>
  <suite started-at="2021-06-22T21:29:28 EDT" name="Default suite" finished-at="2021-06-22T21:29:35 EDT" duration-ms="6491">
    <groups>
    </groups>
    <test started-at="2021-06-22T21:29:28 EDT" name="Default test" finished-at="2021-06-22T21:29:35 EDT" duration-ms="6491">
      <class name="test.google">
        <test-method signature="titleValidation()[pri:0, instance:test.google@159f197]" started-at="2021-06-22T21:29:28 EDT" name="titleValidation" finished-at="2021-06-22T21:29:35 EDT" duration-ms="6442" status="PASS">
          <reporter-output>
          </reporter-output>
        </test-method> <!-- titleValidation -->
      </class> <!-- test.google -->
    </test> <!-- Default test -->
  </suite> <!-- Default suite -->
</testng-results>
